{
  "RSpec": {
    "coverage": {
      "/Users/bryanflanagan/turing_work/4mod/projects/hackathon/random_insult_or_compliment_generator/config/environment.rb": {
        "lines": [
          null,
          1,
          null,
          null,
          1
        ]
      },
      "/Users/bryanflanagan/turing_work/4mod/projects/hackathon/random_insult_or_compliment_generator/config/application.rb": {
        "lines": [
          1,
          null,
          1,
          null,
          1,
          1,
          1,
          1,
          1,
          1,
          1,
          1,
          1,
          1,
          1,
          null,
          null,
          null,
          null,
          1,
          null,
          1,
          1,
          null,
          1,
          null,
          null,
          null,
          null,
          null,
          null,
          null,
          1,
          null,
          null
        ]
      },
      "/Users/bryanflanagan/turing_work/4mod/projects/hackathon/random_insult_or_compliment_generator/config/boot.rb": {
        "lines": [
          1,
          null,
          1,
          1
        ]
      },
      "/Users/bryanflanagan/turing_work/4mod/projects/hackathon/random_insult_or_compliment_generator/config/environments/test.rb": {
        "lines": [
          null,
          null,
          null,
          null,
          null,
          1,
          null,
          null,
          1,
          null,
          null,
          null,
          null,
          1,
          null,
          null,
          1,
          1,
          null,
          null,
          null,
          null,
          1,
          1,
          1,
          null,
          null,
          1,
          null,
          null,
          1,
          null,
          null,
          1,
          null,
          1,
          null,
          null,
          null,
          null,
          1,
          null,
          null,
          1,
          null,
          null,
          null,
          null
        ]
      },
      "/Users/bryanflanagan/turing_work/4mod/projects/hackathon/random_insult_or_compliment_generator/config/initializers/application_controller_renderer.rb": {
        "lines": [
          null,
          null,
          null,
          null,
          null,
          null,
          null,
          null
        ]
      },
      "/Users/bryanflanagan/turing_work/4mod/projects/hackathon/random_insult_or_compliment_generator/config/initializers/assets.rb": {
        "lines": [
          null,
          null,
          null,
          1,
          null,
          null,
          null,
          null,
          1,
          null,
          null,
          null,
          null,
          null
        ]
      },
      "/Users/bryanflanagan/turing_work/4mod/projects/hackathon/random_insult_or_compliment_generator/config/initializers/backtrace_silencers.rb": {
        "lines": [
          null,
          null,
          null,
          null,
          null,
          null,
          null
        ]
      },
      "/Users/bryanflanagan/turing_work/4mod/projects/hackathon/random_insult_or_compliment_generator/config/initializers/content_security_policy.rb": {
        "lines": [
          null,
          null,
          null,
          null,
          null,
          null,
          null,
          null,
          null,
          null,
          null,
          null,
          null,
          null,
          null,
          null,
          null,
          null,
          null,
          null,
          null,
          null,
          null,
          null,
          null,
          null,
          null,
          null,
          null,
          null
        ]
      },
      "/Users/bryanflanagan/turing_work/4mod/projects/hackathon/random_insult_or_compliment_generator/config/initializers/cookies_serializer.rb": {
        "lines": [
          null,
          null,
          null,
          null,
          1
        ]
      },
      "/Users/bryanflanagan/turing_work/4mod/projects/hackathon/random_insult_or_compliment_generator/config/initializers/filter_parameter_logging.rb": {
        "lines": [
          null,
          null,
          null,
          1
        ]
      },
      "/Users/bryanflanagan/turing_work/4mod/projects/hackathon/random_insult_or_compliment_generator/config/initializers/inflections.rb": {
        "lines": [
          null,
          null,
          null,
          null,
          null,
          null,
          null,
          null,
          null,
          null,
          null,
          null,
          null,
          null,
          null,
          null
        ]
      },
      "/Users/bryanflanagan/turing_work/4mod/projects/hackathon/random_insult_or_compliment_generator/config/initializers/mime_types.rb": {
        "lines": [
          null,
          null,
          null,
          null
        ]
      },
      "/Users/bryanflanagan/turing_work/4mod/projects/hackathon/random_insult_or_compliment_generator/config/initializers/wrap_parameters.rb": {
        "lines": [
          null,
          null,
          null,
          null,
          null,
          null,
          1,
          2,
          null,
          null,
          null,
          null,
          null,
          null
        ]
      },
      "/Users/bryanflanagan/turing_work/4mod/projects/hackathon/random_insult_or_compliment_generator/config/routes.rb": {
        "lines": [
          1,
          1,
          1,
          1,
          1,
          1,
          null,
          null,
          null
        ]
      },
      "/Users/bryanflanagan/turing_work/4mod/projects/hackathon/random_insult_or_compliment_generator/app/helpers/application_helper.rb": {
        "lines": [
          1,
          null
        ]
      },
      "/Users/bryanflanagan/turing_work/4mod/projects/hackathon/random_insult_or_compliment_generator/app/models/compliment.rb": {
        "lines": [
          1,
          1,
          null
        ]
      },
      "/Users/bryanflanagan/turing_work/4mod/projects/hackathon/random_insult_or_compliment_generator/app/models/application_record.rb": {
        "lines": [
          1,
          1,
          null
        ]
      },
      "/Users/bryanflanagan/turing_work/4mod/projects/hackathon/random_insult_or_compliment_generator/spec/models/insult_spec.rb": {
        "lines": [
          1,
          null,
          1,
          1,
          2,
          null,
          null
        ]
      },
      "/Users/bryanflanagan/turing_work/4mod/projects/hackathon/random_insult_or_compliment_generator/app/models/insult.rb": {
        "lines": [
          1,
          1,
          null
        ]
      },
      "/Users/bryanflanagan/turing_work/4mod/projects/hackathon/random_insult_or_compliment_generator/spec/models/word_spec.rb": {
        "lines": [
          1,
          null,
          1,
          1,
          2,
          null,
          null
        ]
      },
      "/Users/bryanflanagan/turing_work/4mod/projects/hackathon/random_insult_or_compliment_generator/app/models/word.rb": {
        "lines": [
          1,
          1,
          null
        ]
      },
      "/Users/bryanflanagan/turing_work/4mod/projects/hackathon/random_insult_or_compliment_generator/spec/requests/api/v1/compliments_index_request_spec.rb": {
        "lines": [
          1,
          null,
          1,
          1,
          1,
          1,
          1,
          null,
          1,
          1,
          1,
          1,
          1,
          1,
          null,
          null,
          null
        ]
      },
      "/Users/bryanflanagan/turing_work/4mod/projects/hackathon/random_insult_or_compliment_generator/spec/requests/api/v1/insults_index_request_spec.rb": {
        "lines": [
          1,
          null,
          1,
          1,
          1,
          1,
          1,
          null,
          1,
          1,
          1,
          1,
          1,
          1,
          null,
          null,
          null
        ]
      },
      "/Users/bryanflanagan/turing_work/4mod/projects/hackathon/random_insult_or_compliment_generator/app/controllers/concerns/api/v1/compliments_controller.rb": {
        "lines": [
          1,
          1,
          1,
          1,
          null,
          null
        ]
      },
      "/Users/bryanflanagan/turing_work/4mod/projects/hackathon/random_insult_or_compliment_generator/app/controllers/application_controller.rb": {
        "lines": [
          1,
          null
        ]
      },
      "/Users/bryanflanagan/turing_work/4mod/projects/hackathon/random_insult_or_compliment_generator/app/serializers/compliment_serializer.rb": {
        "lines": [
          1,
          1,
          1,
          null
        ]
      },
      "/Users/bryanflanagan/turing_work/4mod/projects/hackathon/random_insult_or_compliment_generator/app/controllers/concerns/api/v1/insults_controller.rb": {
        "lines": [
          1,
          1,
          1,
          1,
          null,
          null
        ]
      },
      "/Users/bryanflanagan/turing_work/4mod/projects/hackathon/random_insult_or_compliment_generator/app/serializers/insult_serializer.rb": {
        "lines": [
          1,
          1,
          1,
          null
        ]
      }
    },
    "timestamp": 1684201548
  }
}
